
> frontend@0.0.0 start
> ng serve

❯ Building...
✔ Building...
Initial chunk files | Names         | Raw size
main.js             | main          | 38.83 kB | 
styles.css          | styles        |  6.62 kB | 

                    | Initial total | 45.45 kB

Application bundle generation complete. [1.080 seconds] - 2026-02-08T22:06:54.353Z

[33m▲ [43;33m[[43;30mWARNING[43;33m][0m [1mNG8107: The left side of this optional chain operation does not include 'null' or 'undefined' in its type, therefore the '?.' operator can be safely removed.[0m [1m[35m[plugin angular-compiler][0m

    src/app/app.component.html:64:51:
[37m      64 │ ..."detail-row" *ngIf="[32mitem.detalles?.['Motor'][37m"><span class="deta...
         ╵                        [32m~~~~~~~~~~~~~~~~~~~~~~~~[0m

  Warning occurs in the template of component AppComponent.

    src/app/app.component.ts:14:15:
[37m      14 │   templateUrl: [32m'./app.component.html'[37m,
         ╵                [32m~~~~~~~~~~~~~~~~~~~~~~[0m


[33m▲ [43;33m[[43;30mWARNING[43;33m][0m [1mNG8107: The left side of this optional chain operation does not include 'null' or 'undefined' in its type, therefore the '?.' operator can be safely removed.[0m [1m[35m[plugin angular-compiler][0m

    src/app/app.component.html:65:51:
[37m      65 │ ..."detail-row" *ngIf="[32mitem.detalles?.['Placa'][37m"><span class="deta...
         ╵                        [32m~~~~~~~~~~~~~~~~~~~~~~~~[0m

  Warning occurs in the template of component AppComponent.

    src/app/app.component.ts:14:15:
[37m      14 │   templateUrl: [32m'./app.component.html'[37m,
         ╵                [32m~~~~~~~~~~~~~~~~~~~~~~[0m


[33m▲ [43;33m[[43;30mWARNING[43;33m][0m [1mNG8107: The left side of this optional chain operation does not include 'null' or 'undefined' in its type, therefore the '?.' operator can be safely removed.[0m [1m[35m[plugin angular-compiler][0m

    src/app/app.component.html:67:51:
[37m      67 │ ...tail-row" *ngIf="[32mitem.detalles?.['Naturaleza'][37m"><span class="de...
         ╵                     [32m~~~~~~~~~~~~~~~~~~~~~~~~~~~~~[0m

  Warning occurs in the template of component AppComponent.

    src/app/app.component.ts:14:15:
[37m      14 │   templateUrl: [32m'./app.component.html'[37m,
         ╵                [32m~~~~~~~~~~~~~~~~~~~~~~[0m


[33m▲ [43;33m[[43;30mWARNING[43;33m][0m [1mNG8107: The left side of this optional chain operation does not include 'null' or 'undefined' in its type, therefore the '?.' operator can be safely removed.[0m [1m[35m[plugin angular-compiler][0m

    src/app/app.component.html:68:51:
[37m      68 │ ...tail-row" *ngIf="[32mitem.detalles?.['Colindantes'][37m"><span class="d...
         ╵                     [32m~~~~~~~~~~~~~~~~~~~~~~~~~~~~~~[0m

  Warning occurs in the template of component AppComponent.

    src/app/app.component.ts:14:15:
[37m      14 │   templateUrl: [32m'./app.component.html'[37m,
         ╵                [32m~~~~~~~~~~~~~~~~~~~~~~[0m


Watch mode enabled. Watching for file changes...
NOTE: Raw file sizes do not reflect development server per-request transformations.
  ➜  Local:   http://localhost:4200/
