0 verbose cli /usr/local/bin/node /usr/local/bin/npm
1 info using npm@11.6.2
2 info using node@v24.12.0
3 silly config load:file:/usr/local/lib/node_modules/npm/npmrc
4 silly config load:file:/Users/jalfaro/Lector PDF/Frontend/.npmrc
5 silly config load:file:/Users/jalfaro/Lector PDF/tmp/npm-config/npmrc
6 silly config load:file:/usr/local/etc/npmrc
7 verbose title npm install zone.js
8 verbose argv "install" "zone.js" "--save"
9 verbose logfile logs-max:10 dir:/Users/jalfaro/Lector PDF/tmp/npm-cache/_logs/2026-02-06T23_40_01_161Z-
10 verbose logfile /Users/jalfaro/Lector PDF/tmp/npm-cache/_logs/2026-02-06T23_40_01_161Z-debug-0.log
11 silly logfile done cleaning log files
12 silly packumentCache heap:2348810240 maxSize:587202560 maxEntrySize:293601280
13 silly idealTree buildDeps
14 silly fetch manifest zone.js@*
15 silly packumentCache full:https://registry.npmjs.org/zone.js cache-miss
16 http fetch GET 200 https://registry.npmjs.org/zone.js 386ms (cache revalidated)
17 silly packumentCache full:https://registry.npmjs.org/zone.js set size:372304 disposed:false
18 silly placeDep ROOT zone.js@0.16.0 OK for: frontend@0.0.0 want: *
19 silly reify moves {}
20 silly audit bulk request {
20 silly audit   '@acemir/cssom': [ '0.9.31' ],
20 silly audit   '@algolia/abtesting': [ '1.12.2' ],
20 silly audit   '@algolia/client-abtesting': [ '5.46.2' ],
20 silly audit   '@algolia/client-analytics': [ '5.46.2' ],
20 silly audit   '@algolia/client-common': [ '5.46.2' ],
20 silly audit   '@algolia/client-insights': [ '5.46.2' ],
20 silly audit   '@algolia/client-personalization': [ '5.46.2' ],
20 silly audit   '@algolia/client-query-suggestions': [ '5.46.2' ],
20 silly audit   '@algolia/client-search': [ '5.46.2' ],
20 silly audit   '@algolia/ingestion': [ '1.46.2' ],
20 silly audit   '@algolia/monitoring': [ '1.46.2' ],
20 silly audit   '@algolia/recommend': [ '5.46.2' ],
20 silly audit   '@algolia/requester-browser-xhr': [ '5.46.2' ],
20 silly audit   '@algolia/requester-fetch': [ '5.46.2' ],
20 silly audit   '@algolia/requester-node-http': [ '5.46.2' ],
20 silly audit   '@ampproject/remapping': [ '2.3.0' ],
20 silly audit   '@angular-devkit/architect': [ '0.2101.3' ],
20 silly audit   '@angular-devkit/core': [ '21.1.3' ],
20 silly audit   '@angular-devkit/schematics': [ '21.1.3' ],
20 silly audit   '@angular/build': [ '21.1.3' ],
20 silly audit   '@angular/cli': [ '21.1.3' ],
20 silly audit   '@angular/common': [ '21.1.3' ],
20 silly audit   '@angular/compiler': [ '21.1.3' ],
20 silly audit   '@angular/compiler-cli': [ '21.1.3' ],
20 silly audit   '@angular/core': [ '21.1.3' ],
20 silly audit   '@angular/forms': [ '21.1.3' ],
20 silly audit   '@angular/platform-browser': [ '21.1.3' ],
20 silly audit   '@angular/router': [ '21.1.3' ],
20 silly audit   '@asamuzakjp/css-color': [ '4.1.2' ],
20 silly audit   'lru-cache': [ '11.2.5', '5.1.1' ],
20 silly audit   '@asamuzakjp/dom-selector': [ '6.7.8' ],
20 silly audit   '@asamuzakjp/nwsapi': [ '2.3.9' ],
20 silly audit   '@babel/code-frame': [ '7.29.0' ],
20 silly audit   '@babel/compat-data': [ '7.29.0' ],
20 silly audit   '@babel/core': [ '7.28.5' ],
20 silly audit   'convert-source-map': [ '2.0.0', '1.9.0' ],
20 silly audit   semver: [ '6.3.1', '7.7.3' ],
20 silly audit   '@babel/generator': [ '7.29.1' ],
20 silly audit   '@babel/helper-annotate-as-pure': [ '7.27.3' ],
20 silly audit   '@babel/helper-compilation-targets': [ '7.28.6' ],
20 silly audit   '@babel/helper-globals': [ '7.28.0' ],
20 silly audit   '@babel/helper-module-imports': [ '7.28.6' ],
20 silly audit   '@babel/helper-module-transforms': [ '7.28.6' ],
20 silly audit   '@babel/helper-split-export-declaration': [ '7.24.7' ],
20 silly audit   '@babel/helper-string-parser': [ '7.27.1' ],
20 silly audit   '@babel/helper-validator-identifier': [ '7.28.5' ],
20 silly audit   '@babel/helper-validator-option': [ '7.27.1' ],
20 silly audit   '@babel/helpers': [ '7.28.6' ],
20 silly audit   '@babel/parser': [ '7.29.0' ],
20 silly audit   '@babel/template': [ '7.28.6' ],
20 silly audit   '@babel/traverse': [ '7.29.0' ],
20 silly audit   '@babel/types': [ '7.29.0' ],
20 silly audit   '@csstools/color-helpers': [ '6.0.1' ],
20 silly audit   '@csstools/css-calc': [ '3.0.0' ],
20 silly audit   '@csstools/css-color-parser': [ '4.0.1' ],
20 silly audit   '@csstools/css-parser-algorithms': [ '4.0.0' ],
20 silly audit   '@csstools/css-syntax-patches-for-csstree': [ '1.0.26' ],
20 silly audit   '@csstools/css-tokenizer': [ '4.0.0' ],
20 silly audit   '@emnapi/core': [ '1.8.1' ],
20 silly audit   '@emnapi/runtime': [ '1.8.1' ],
20 silly audit   '@emnapi/wasi-threads': [ '1.1.0' ],
20 silly audit   '@esbuild/aix-ppc64': [ '0.27.2' ],
20 silly audit   '@esbuild/android-arm': [ '0.27.2' ],
20 silly audit   '@esbuild/android-arm64': [ '0.27.2' ],
20 silly audit   '@esbuild/android-x64': [ '0.27.2' ],
20 silly audit   '@esbuild/darwin-arm64': [ '0.27.2' ],
20 silly audit   '@esbuild/darwin-x64': [ '0.27.2' ],
20 silly audit   '@esbuild/freebsd-arm64': [ '0.27.2' ],
20 silly audit   '@esbuild/freebsd-x64': [ '0.27.2' ],
20 silly audit   '@esbuild/linux-arm': [ '0.27.2' ],
20 silly audit   '@esbuild/linux-arm64': [ '0.27.2' ],
20 silly audit   '@esbuild/linux-ia32': [ '0.27.2' ],
20 silly audit   '@esbuild/linux-loong64': [ '0.27.2' ],
20 silly audit   '@esbuild/linux-mips64el': [ '0.27.2' ],
20 silly audit   '@esbuild/linux-ppc64': [ '0.27.2' ],
20 silly audit   '@esbuild/linux-riscv64': [ '0.27.2' ],
20 silly audit   '@esbuild/linux-s390x': [ '0.27.2' ],
20 silly audit   '@esbuild/linux-x64': [ '0.27.2' ],
20 silly audit   '@esbuild/netbsd-arm64': [ '0.27.2' ],
20 silly audit   '@esbuild/netbsd-x64': [ '0.27.2' ],
20 silly audit   '@esbuild/openbsd-arm64': [ '0.27.2' ],
20 silly audit   '@esbuild/openbsd-x64': [ '0.27.2' ],
20 silly audit   '@esbuild/openharmony-arm64': [ '0.27.2' ],
20 silly audit   '@esbuild/sunos-x64': [ '0.27.2' ],
20 silly audit   '@esbuild/win32-arm64': [ '0.27.2' ],
20 silly audit   '@esbuild/win32-ia32': [ '0.27.2' ],
20 silly audit   '@esbuild/win32-x64': [ '0.27.2' ],
20 silly audit   '@exodus/bytes': [ '1.11.0' ],
20 silly audit   '@hono/node-server': [ '1.19.9' ],
20 silly audit   '@inquirer/ansi': [ '1.0.2' ],
20 silly audit   '@inquirer/checkbox': [ '4.3.2' ],
20 silly audit   '@inquirer/confirm': [ '5.1.21' ],
20 silly audit   '@inquirer/core': [ '10.3.2' ],
20 silly audit   '@inquirer/editor': [ '4.2.23' ],
20 silly audit   '@inquirer/expand': [ '4.0.23' ],
20 silly audit   '@inquirer/external-editor': [ '1.0.3' ],
20 silly audit   '@inquirer/figures': [ '1.0.15' ],
20 silly audit   '@inquirer/input': [ '4.3.1' ],
20 silly audit   '@inquirer/number': [ '3.0.23' ],
20 silly audit   '@inquirer/password': [ '4.0.23' ],
20 silly audit   '@inquirer/prompts': [ '7.10.1' ],
20 silly audit   '@inquirer/rawlist': [ '4.1.11' ],
20 silly audit   '@inquirer/search': [ '3.2.2' ],
20 silly audit   '@inquirer/select': [ '4.4.2' ],
20 silly audit   '@inquirer/type': [ '3.0.10' ],
20 silly audit   '@isaacs/balanced-match': [ '4.0.1' ],
20 silly audit   '@isaacs/brace-expansion': [ '5.0.1' ],
20 silly audit   '@isaacs/fs-minipass': [ '4.0.1' ],
20 silly audit   '@istanbuljs/schema': [ '0.1.3' ],
20 silly audit   '@jridgewell/gen-mapping': [ '0.3.13' ],
20 silly audit   '@jridgewell/remapping': [ '2.3.5' ],
20 silly audit   '@jridgewell/resolve-uri': [ '3.1.2' ],
20 silly audit   '@jridgewell/sourcemap-codec': [ '1.5.5' ],
20 silly audit   '@jridgewell/trace-mapping': [ '0.3.31' ],
20 silly audit   '@listr2/prompt-adapter-inquirer': [ '3.0.5' ],
20 silly audit   '@lmdb/lmdb-darwin-arm64': [ '3.4.4' ],
20 silly audit   '@lmdb/lmdb-darwin-x64': [ '3.4.4' ],
20 silly audit   '@lmdb/lmdb-linux-arm': [ '3.4.4' ],
20 silly audit   '@lmdb/lmdb-linux-arm64': [ '3.4.4' ],
20 silly audit   '@lmdb/lmdb-linux-x64': [ '3.4.4' ],
20 silly audit   '@lmdb/lmdb-win32-arm64': [ '3.4.4' ],
20 silly audit   '@lmdb/lmdb-win32-x64': [ '3.4.4' ],
20 silly audit   '@modelcontextprotocol/sdk': [ '1.26.0' ],
20 silly audit   '@msgpackr-extract/msgpackr-extract-darwin-arm64': [ '3.0.3' ],
20 silly audit   '@msgpackr-extract/msgpackr-extract-darwin-x64': [ '3.0.3' ],
20 silly audit   '@msgpackr-extract/msgpackr-extract-linux-arm': [ '3.0.3' ],
20 silly audit   '@msgpackr-extract/msgpackr-extract-linux-arm64': [ '3.0.3' ],
20 silly audit   '@msgpackr-extract/msgpackr-extract-linux-x64': [ '3.0.3' ],
20 silly audit   '@msgpackr-extract/msgpackr-extract-win32-x64': [ '3.0.3' ],
20 silly audit   '@napi-rs/nice': [ '1.1.1' ],
20 silly audit   '@napi-rs/nice-android-arm-eabi': [ '1.1.1' ],
20 silly audit   '@napi-rs/nice-android-arm64': [ '1.1.1' ],
20 silly audit   '@napi-rs/nice-darwin-arm64': [ '1.1.1' ],
20 silly audit   '@napi-rs/nice-darwin-x64': [ '1.1.1' ],
20 silly audit   '@napi-rs/nice-freebsd-x64': [ '1.1.1' ],
20 silly audit   '@napi-rs/nice-linux-arm-gnueabihf': [ '1.1.1' ],
20 silly audit   '@napi-rs/nice-linux-arm64-gnu': [ '1.1.1' ],
20 silly audit   '@napi-rs/nice-linux-arm64-musl': [ '1.1.1' ],
20 silly audit   '@napi-rs/nice-linux-ppc64-gnu': [ '1.1.1' ],
20 silly audit   '@napi-rs/nice-linux-riscv64-gnu': [ '1.1.1' ],
20 silly audit   '@napi-rs/nice-linux-s390x-gnu': [ '1.1.1' ],
20 silly audit   '@napi-rs/nice-linux-x64-gnu': [ '1.1.1' ],
20 silly audit   '@napi-rs/nice-linux-x64-musl': [ '1.1.1' ],
20 silly audit   '@napi-rs/nice-openharmony-arm64': [ '1.1.1' ],
20 silly audit   '@napi-rs/nice-win32-arm64-msvc': [ '1.1.1' ],
20 silly audit   '@napi-rs/nice-win32-ia32-msvc': [ '1.1.1' ],
20 silly audit   '@napi-rs/nice-win32-x64-msvc': [ '1.1.1' ],
20 silly audit   '@napi-rs/wasm-runtime': [ '1.1.1' ],
20 silly audit   '@npmcli/agent': [ '4.0.0' ],
20 silly audit   '@npmcli/fs': [ '5.0.0' ],
20 silly audit   '@npmcli/git': [ '7.0.1' ],
20 silly audit   isexe: [ '3.1.2', '2.0.0' ],
20 silly audit   which: [ '6.0.0', '2.0.2' ],
20 silly audit   '@npmcli/installed-package-contents': [ '4.0.0' ],
20 silly audit   '@npmcli/node-gyp': [ '5.0.0' ],
20 silly audit   '@npmcli/package-json': [ '7.0.4' ],
20 silly audit   '@npmcli/promise-spawn': [ '9.0.1' ],
20 silly audit   '@npmcli/redact': [ '4.0.0' ],
20 silly audit   '@npmcli/run-script': [ '10.0.3' ],
20 silly audit   '@oxc-project/types': [ '0.106.0' ],
20 silly audit   '@parcel/watcher': [ '2.5.6' ],
20 silly audit   '@parcel/watcher-android-arm64': [ '2.5.6' ],
20 silly audit   '@parcel/watcher-darwin-arm64': [ '2.5.6' ],
20 silly audit   '@parcel/watcher-darwin-x64': [ '2.5.6' ],
20 silly audit   '@parcel/watcher-freebsd-x64': [ '2.5.6' ],
20 silly audit   '@parcel/watcher-linux-arm-glibc': [ '2.5.6' ],
20 silly audit   '@parcel/watcher-linux-arm-musl': [ '2.5.6' ],
20 silly audit   '@parcel/watcher-linux-arm64-glibc': [ '2.5.6' ],
20 silly audit   '@parcel/watcher-linux-arm64-musl': [ '2.5.6' ],
20 silly audit   '@parcel/watcher-linux-x64-glibc': [ '2.5.6' ],
20 silly audit   '@parcel/watcher-linux-x64-musl': [ '2.5.6' ],
20 silly audit   '@parcel/watcher-win32-arm64': [ '2.5.6' ],
20 silly audit   '@parcel/watcher-win32-ia32': [ '2.5.6' ],
20 silly audit   '@parcel/watcher-win32-x64': [ '2.5.6' ],
20 silly audit   'node-addon-api': [ '7.1.1', '6.1.0' ],
20 silly audit   '@rolldown/binding-android-arm64': [ '1.0.0-beta.58' ],
20 silly audit   '@rolldown/binding-darwin-arm64': [ '1.0.0-beta.58' ],
20 silly audit   '@rolldown/binding-darwin-x64': [ '1.0.0-beta.58' ],
20 silly audit   '@rolldown/binding-freebsd-x64': [ '1.0.0-beta.58' ],
20 silly audit   '@rolldown/binding-linux-arm-gnueabihf': [ '1.0.0-beta.58' ],
20 silly audit   '@rolldown/binding-linux-arm64-gnu': [ '1.0.0-beta.58' ],
20 silly audit   '@rolldown/binding-linux-arm64-musl': [ '1.0.0-beta.58' ],
20 silly audit   '@rolldown/binding-linux-x64-gnu': [ '1.0.0-beta.58' ],
20 silly audit   '@rolldown/binding-linux-x64-musl': [ '1.0.0-beta.58' ],
20 silly audit   '@rolldown/binding-openharmony-arm64': [ '1.0.0-beta.58' ],
20 silly audit   '@rolldown/binding-wasm32-wasi': [ '1.0.0-beta.58' ],
20 silly audit   '@rolldown/binding-win32-arm64-msvc': [ '1.0.0-beta.58' ],
20 silly audit   '@rolldown/binding-win32-x64-msvc': [ '1.0.0-beta.58' ],
20 silly audit   '@rolldown/pluginutils': [ '1.0.0-beta.58' ],
20 silly audit   '@rollup/rollup-android-arm-eabi': [ '4.57.1' ],
20 silly audit   '@rollup/rollup-android-arm64': [ '4.57.1' ],
20 silly audit   '@rollup/rollup-darwin-arm64': [ '4.57.1' ],
20 silly audit   '@rollup/rollup-darwin-x64': [ '4.57.1' ],
20 silly audit   '@rollup/rollup-freebsd-arm64': [ '4.57.1' ],
20 silly audit   '@rollup/rollup-freebsd-x64': [ '4.57.1' ],
20 silly audit   '@rollup/rollup-linux-arm-gnueabihf': [ '4.57.1' ],
20 silly audit   '@rollup/rollup-linux-arm-musleabihf': [ '4.57.1' ],
20 silly audit   '@rollup/rollup-linux-arm64-gnu': [ '4.57.1' ],
20 silly audit   '@rollup/rollup-linux-arm64-musl': [ '4.57.1' ],
20 silly audit   '@rollup/rollup-linux-loong64-gnu': [ '4.57.1' ],
20 silly audit   '@rollup/rollup-linux-loong64-musl': [ '4.57.1' ],
20 silly audit   '@rollup/rollup-linux-ppc64-gnu': [ '4.57.1' ],
20 silly audit   '@rollup/rollup-linux-ppc64-musl': [ '4.57.1' ],
20 silly audit   '@rollup/rollup-linux-riscv64-gnu': [ '4.57.1' ],
20 silly audit   '@rollup/rollup-linux-riscv64-musl': [ '4.57.1' ],
20 silly audit   '@rollup/rollup-linux-s390x-gnu': [ '4.57.1' ],
20 silly audit   '@rollup/rollup-linux-x64-gnu': [ '4.57.1' ],
20 silly audit   '@rollup/rollup-linux-x64-musl': [ '4.57.1' ],
20 silly audit   '@rollup/rollup-openbsd-x64': [ '4.57.1' ],
20 silly audit   '@rollup/rollup-openharmony-arm64': [ '4.57.1' ],
20 silly audit   '@rollup/rollup-win32-arm64-msvc': [ '4.57.1' ],
20 silly audit   '@rollup/rollup-win32-ia32-msvc': [ '4.57.1' ],
20 silly audit   '@rollup/rollup-win32-x64-gnu': [ '4.57.1' ],
20 silly audit   '@rollup/rollup-win32-x64-msvc': [ '4.57.1' ],
20 silly audit   '@schematics/angular': [ '21.1.3' ],
20 silly audit   '@sigstore/bundle': [ '4.0.0' ],
20 silly audit   '@sigstore/core': [ '3.1.0' ],
20 silly audit   '@sigstore/protobuf-specs': [ '0.5.0' ],
20 silly audit   '@sigstore/sign': [ '4.1.0' ],
20 silly audit   '@sigstore/tuf': [ '4.0.1' ],
20 silly audit   '@sigstore/verify': [ '3.1.0' ],
20 silly audit   '@standard-schema/spec': [ '1.1.0' ],
20 silly audit   '@tufjs/canonical-json': [ '2.0.0' ],
20 silly audit   '@tufjs/models': [ '4.1.0' ],
20 silly audit   '@tybys/wasm-util': [ '0.10.1' ],
20 silly audit   '@types/chai': [ '5.2.3' ],
20 silly audit   '@types/deep-eql': [ '4.0.2' ],
20 silly audit   '@types/estree': [ '1.0.8' ],
20 silly audit   '@vitejs/plugin-basic-ssl': [ '2.1.0' ],
20 silly audit   '@vitest/expect': [ '4.0.18' ],
20 silly audit   '@vitest/mocker': [ '4.0.18' ],
20 silly audit   '@vitest/pretty-format': [ '4.0.18' ],
20 silly audit   '@vitest/runner': [ '4.0.18' ],
20 silly audit   '@vitest/snapshot': [ '4.0.18' ],
20 silly audit   '@vitest/spy': [ '4.0.18' ],
20 silly audit   '@vitest/utils': [ '4.0.18' ],
20 silly audit   '@yarnpkg/lockfile': [ '1.1.0' ],
20 silly audit   abbrev: [ '4.0.0' ],
20 silly audit   accepts: [ '2.0.0' ],
20 silly audit   'agent-base': [ '7.1.4' ],
20 silly audit   ajv: [ '8.17.1' ],
20 silly audit   'ajv-formats': [ '3.0.1' ],
20 silly audit   algoliasearch: [ '5.46.2' ],
20 silly audit   'ansi-escapes': [ '7.3.0' ],
20 silly audit   'ansi-regex': [ '6.2.2', '5.0.1' ],
20 silly audit   'ansi-styles': [ '6.2.3', '4.3.0' ],
20 silly audit   'assertion-error': [ '2.0.1' ],
20 silly audit   'baseline-browser-mapping': [ '2.9.19' ],
20 silly audit   beasties: [ '0.3.5' ],
20 silly audit   'bidi-js': [ '1.0.3' ],
20 silly audit   'body-parser': [ '2.2.2' ],
20 silly audit   boolbase: [ '1.0.0' ],
20 silly audit   browserslist: [ '4.28.1' ],
20 silly audit   'buffer-from': [ '1.1.2' ],
20 silly audit   bytes: [ '3.1.2' ],
20 silly audit   cacache: [ '20.0.3' ],
20 silly audit   'call-bind-apply-helpers': [ '1.0.2' ],
20 silly audit   'call-bound': [ '1.0.4' ],
20 silly audit   'caniuse-lite': [ '1.0.30001769' ],
20 silly audit   chai: [ '6.2.2' ],
20 silly audit   chalk: [ '5.6.2' ],
20 silly audit   chardet: [ '2.1.1' ],
20 silly audit   chokidar: [ '5.0.0', '4.0.3' ],
20 silly audit   chownr: [ '3.0.0' ],
20 silly audit   'cli-cursor': [ '5.0.0' ],
20 silly audit   'cli-spinners': [ '3.4.0' ],
20 silly audit   'cli-truncate': [ '5.1.1' ],
20 silly audit   'cli-width': [ '4.1.0' ],
20 silly audit   cliui: [ '9.0.1' ],
20 silly audit   'string-width': [ '7.2.0', '8.1.1', '4.2.3' ],
20 silly audit   'wrap-ansi': [ '9.0.2', '6.2.0' ],
20 silly audit   'color-convert': [ '2.0.1' ],
20 silly audit   'color-name': [ '1.1.4' ],
20 silly audit   colorette: [ '2.0.20' ],
20 silly audit   'content-disposition': [ '1.0.1' ],
20 silly audit   'content-type': [ '1.0.5' ],
20 silly audit   cookie: [ '0.7.2' ],
20 silly audit   'cookie-signature': [ '1.2.2' ],
20 silly audit   cors: [ '2.8.6' ],
20 silly audit   'cross-spawn': [ '7.0.6' ],
20 silly audit   'css-select': [ '6.0.0' ],
20 silly audit   'css-tree': [ '3.1.0' ],
20 silly audit   'css-what': [ '7.0.0' ],
20 silly audit   cssstyle: [ '5.3.7' ],
20 silly audit   'data-urls': [ '6.0.1' ],
20 silly audit   'whatwg-mimetype': [ '5.0.0', '4.0.0' ],
20 silly audit   debug: [ '4.4.3' ],
20 silly audit   'decimal.js': [ '10.6.0' ],
20 silly audit   depd: [ '2.0.0' ],
20 silly audit   'detect-libc': [ '2.1.2' ],
20 silly audit   'dom-serializer': [ '2.0.0' ],
20 silly audit   domelementtype: [ '2.3.0' ],
20 silly audit   domhandler: [ '5.0.3' ],
20 silly audit   domutils: [ '3.2.2' ],
20 silly audit   'dunder-proto': [ '1.0.1' ],
20 silly audit   'ee-first': [ '1.1.1' ],
20 silly audit   'electron-to-chromium': [ '1.5.286' ],
20 silly audit   'emoji-regex': [ '10.6.0', '8.0.0' ],
20 silly audit   encodeurl: [ '2.0.0' ],
20 silly audit   encoding: [ '0.1.13' ],
20 silly audit   'iconv-lite': [ '0.6.3', '0.7.2' ],
20 silly audit   entities: [ '4.5.0', '7.0.1', '6.0.1' ],
20 silly audit   'env-paths': [ '2.2.1' ],
20 silly audit   environment: [ '1.1.0' ],
20 silly audit   'err-code': [ '2.0.3' ],
20 silly audit   'es-define-property': [ '1.0.1' ],
20 silly audit   'es-errors': [ '1.3.0' ],
20 silly audit   'es-module-lexer': [ '1.7.0' ],
20 silly audit   'es-object-atoms': [ '1.1.1' ],
20 silly audit   esbuild: [ '0.27.2' ],
20 silly audit   escalade: [ '3.2.0' ],
20 silly audit   'escape-html': [ '1.0.3' ],
20 silly audit   'estree-walker': [ '3.0.3' ],
20 silly audit   etag: [ '1.8.1' ],
20 silly audit   eventemitter3: [ '5.0.4' ],
20 silly audit   eventsource: [ '3.0.7' ],
20 silly audit   'eventsource-parser': [ '3.0.6' ],
20 silly audit   'expect-type': [ '1.3.0' ],
20 silly audit   'exponential-backoff': [ '3.1.3' ],
20 silly audit   express: [ '5.2.1' ],
20 silly audit   'express-rate-limit': [ '8.2.1' ],
20 silly audit   'fast-deep-equal': [ '3.1.3' ],
20 silly audit   'fast-uri': [ '3.1.0' ],
20 silly audit   fdir: [ '6.5.0' ],
20 silly audit   finalhandler: [ '2.1.1' ],
20 silly audit   forwarded: [ '0.2.0' ],
20 silly audit   fresh: [ '2.0.0' ],
20 silly audit   'fs-minipass': [ '3.0.3' ],
20 silly audit   fsevents: [ '2.3.3' ],
20 silly audit   'function-bind': [ '1.1.2' ],
20 silly audit   gensync: [ '1.0.0-beta.2' ],
20 silly audit   'get-caller-file': [ '2.0.5' ],
20 silly audit   'get-east-asian-width': [ '1.4.0' ],
20 silly audit   'get-intrinsic': [ '1.3.0' ],
20 silly audit   'get-proto': [ '1.0.1' ],
20 silly audit   glob: [ '13.0.1' ],
20 silly audit   'glob-to-regexp': [ '0.4.1' ],
20 silly audit   gopd: [ '1.2.0' ],
20 silly audit   'graceful-fs': [ '4.2.11' ],
20 silly audit   'has-symbols': [ '1.1.0' ],
20 silly audit   hasown: [ '2.0.2' ],
20 silly audit   hono: [ '4.11.8' ],
20 silly audit   'hosted-git-info': [ '9.0.2' ],
20 silly audit   'html-encoding-sniffer': [ '6.0.0' ],
20 silly audit   htmlparser2: [ '10.1.0' ],
20 silly audit   'http-cache-semantics': [ '4.2.0' ],
20 silly audit   'http-errors': [ '2.0.1' ],
20 silly audit   'http-proxy-agent': [ '7.0.2' ],
20 silly audit   'https-proxy-agent': [ '7.0.6' ],
20 silly audit   'ignore-walk': [ '8.0.0' ],
20 silly audit   immutable: [ '5.1.4' ],
20 silly audit   imurmurhash: [ '0.1.4' ],
20 silly audit   inherits: [ '2.0.4' ],
20 silly audit   ini: [ '6.0.0' ],
20 silly audit   'ip-address': [ '10.0.1' ],
20 silly audit   'ipaddr.js': [ '1.9.1' ],
20 silly audit   'is-core-module': [ '2.16.1' ],
20 silly audit   'is-extglob': [ '2.1.1' ],
20 silly audit   'is-fullwidth-code-point': [ '5.1.0', '3.0.0' ],
20 silly audit   'is-glob': [ '4.0.3' ],
20 silly audit   'is-interactive': [ '2.0.0' ],
20 silly audit   'is-potential-custom-element-name': [ '1.0.1' ],
20 silly audit   'is-promise': [ '4.0.0' ],
20 silly audit   'is-unicode-supported': [ '2.1.0' ],
20 silly audit   'istanbul-lib-coverage': [ '3.2.2' ],
20 silly audit   'istanbul-lib-instrument': [ '6.0.3' ],
20 silly audit   jose: [ '6.1.3' ],
20 silly audit   'js-tokens': [ '4.0.0' ],
20 silly audit   jsdom: [ '27.4.0' ],
20 silly audit   jsesc: [ '3.1.0' ],
20 silly audit   'json-parse-even-better-errors': [ '5.0.0' ],
20 silly audit   'json-schema-traverse': [ '1.0.0' ],
20 silly audit   'json-schema-typed': [ '8.0.2' ],
20 silly audit   json5: [ '2.2.3' ],
20 silly audit   'jsonc-parser': [ '3.3.1' ],
20 silly audit   jsonparse: [ '1.3.1' ],
20 silly audit   listr2: [ '9.0.5' ],
20 silly audit   lmdb: [ '3.4.4' ],
20 silly audit   'log-symbols': [ '7.0.1' ],
20 silly audit   'log-update': [ '6.1.0' ],
20 silly audit   'magic-string': [ '0.30.21' ],
20 silly audit   'make-fetch-happen': [ '15.0.3' ],
20 silly audit   'math-intrinsics': [ '1.1.0' ],
20 silly audit   'mdn-data': [ '2.12.2' ],
20 silly audit   'media-typer': [ '1.1.0' ],
20 silly audit   'merge-descriptors': [ '2.0.0' ],
20 silly audit   'mime-db': [ '1.54.0' ],
20 silly audit   'mime-types': [ '3.0.2' ],
20 silly audit   'mimic-function': [ '5.0.1' ],
20 silly audit   minimatch: [ '10.1.2' ],
20 silly audit   minipass: [ '7.1.2', '3.3.6' ],
20 silly audit   'minipass-collect': [ '2.0.1' ],
20 silly audit   'minipass-fetch': [ '5.0.1' ],
20 silly audit   'minipass-flush': [ '1.0.5' ],
20 silly audit   yallist: [ '4.0.0', '5.0.0', '3.1.1' ],
20 silly audit   'minipass-pipeline': [ '1.2.4' ],
20 silly audit   'minipass-sized': [ '2.0.0' ],
20 silly audit   minizlib: [ '3.1.0' ],
20 silly audit   mrmime: [ '2.0.1' ],
20 silly audit   ms: [ '2.1.3' ],
20 silly audit   msgpackr: [ '1.11.8' ],
20 silly audit   'msgpackr-extract': [ '3.0.3' ],
20 silly audit   'mute-stream': [ '2.0.0' ],
20 silly audit   nanoid: [ '3.3.11' ],
20 silly audit   negotiator: [ '1.0.0' ],
20 silly audit   'node-gyp': [ '12.2.0' ],
20 silly audit   'node-gyp-build-optional-packages': [ '5.2.2' ],
20 silly audit   'node-releases': [ '2.0.27' ],
20 silly audit   nopt: [ '9.0.0' ],
20 silly audit   'npm-bundled': [ '5.0.0' ],
20 silly audit   'npm-install-checks': [ '8.0.0' ],
20 silly audit   'npm-normalize-package-bin': [ '5.0.0' ],
20 silly audit   'npm-package-arg': [ '13.0.2' ],
20 silly audit   'npm-packlist': [ '10.0.3' ],
20 silly audit   'npm-pick-manifest': [ '11.0.3' ],
20 silly audit   'npm-registry-fetch': [ '19.1.1' ],
20 silly audit   'nth-check': [ '2.1.1' ],
20 silly audit   'object-assign': [ '4.1.1' ],
20 silly audit   'object-inspect': [ '1.13.4' ],
20 silly audit   obug: [ '2.1.1' ],
20 silly audit   'on-finished': [ '2.4.1' ],
20 silly audit   once: [ '1.4.0' ],
20 silly audit   onetime: [ '7.0.0' ],
20 silly audit   ora: [ '9.0.0' ],
20 silly audit   'ordered-binary': [ '1.6.1' ],
20 silly audit   'p-map': [ '7.0.4' ],
20 silly audit   pacote: [ '21.0.4' ],
20 silly audit   parse5: [ '8.0.0' ],
20 silly audit   'parse5-html-rewriting-stream': [ '8.0.0' ],
20 silly audit   'parse5-sax-parser': [ '8.0.0' ],
20 silly audit   parseurl: [ '1.3.3' ],
20 silly audit   'path-key': [ '3.1.1' ],
20 silly audit   'path-parse': [ '1.0.7' ],
20 silly audit   'path-scurry': [ '2.0.1' ],
20 silly audit   'path-to-regexp': [ '8.3.0' ],
20 silly audit   pathe: [ '2.0.3' ],
20 silly audit   picocolors: [ '1.1.1' ],
20 silly audit   picomatch: [ '4.0.3' ],
20 silly audit   piscina: [ '5.1.4' ],
20 silly audit   'pkce-challenge': [ '5.0.1' ],
20 silly audit   postcss: [ '8.5.6' ],
20 silly audit   'postcss-media-query-parser': [ '0.2.3' ],
20 silly audit   'proc-log': [ '6.1.0' ],
20 silly audit   'promise-retry': [ '2.0.1' ],
20 silly audit   'proxy-addr': [ '2.0.7' ],
20 silly audit   punycode: [ '2.3.1' ],
20 silly audit   qs: [ '6.14.1' ],
20 silly audit   'range-parser': [ '1.2.1' ],
20 silly audit   'raw-body': [ '3.0.2' ],
20 silly audit   readdirp: [ '5.0.0', '4.1.2' ],
20 silly audit   'reflect-metadata': [ '0.2.2' ],
20 silly audit   'require-from-string': [ '2.0.2' ],
20 silly audit   resolve: [ '1.22.11' ],
20 silly audit   'restore-cursor': [ '5.1.0' ],
20 silly audit   retry: [ '0.12.0' ],
20 silly audit   rfdc: [ '1.4.1' ],
20 silly audit   rolldown: [ '1.0.0-beta.58' ],
20 silly audit   rollup: [ '4.57.1' ],
20 silly audit   router: [ '2.2.0' ],
20 silly audit   rxjs: [ '7.8.2' ],
20 silly audit   'safer-buffer': [ '2.1.2' ],
20 silly audit   sass: [ '1.97.1' ],
20 silly audit   saxes: [ '6.0.0' ],
20 silly audit   send: [ '1.2.1' ],
20 silly audit   'serve-static': [ '2.2.1' ],
20 silly audit   setprototypeof: [ '1.2.0' ],
20 silly audit   'shebang-command': [ '2.0.0' ],
20 silly audit   'shebang-regex': [ '3.0.0' ],
20 silly audit   'side-channel': [ '1.1.0' ],
20 silly audit   'side-channel-list': [ '1.0.0' ],
20 silly audit   'side-channel-map': [ '1.0.1' ],
20 silly audit   'side-channel-weakmap': [ '1.0.2' ],
20 silly audit   siginfo: [ '2.0.0' ],
20 silly audit   'signal-exit': [ '4.1.0' ],
20 silly audit   sigstore: [ '4.1.0' ],
20 silly audit   'slice-ansi': [ '7.1.2' ],
20 silly audit   'smart-buffer': [ '4.2.0' ],
20 silly audit   socks: [ '2.8.7' ],
20 silly audit   'socks-proxy-agent': [ '8.0.5' ],
20 silly audit   'source-map': [ '0.7.6', '0.6.1' ],
20 silly audit   'source-map-js': [ '1.2.1' ],
20 silly audit   'source-map-support': [ '0.5.21' ],
20 silly audit   'spdx-correct': [ '3.2.0' ],
20 silly audit   'spdx-exceptions': [ '2.5.0' ],
20 silly audit   'spdx-expression-parse': [ '3.0.1' ],
20 silly audit   'spdx-license-ids': [ '3.0.22' ],
20 silly audit   ssri: [ '13.0.0' ],
20 silly audit   stackback: [ '0.0.2' ],
20 silly audit   statuses: [ '2.0.2' ],
20 silly audit   'std-env': [ '3.10.0' ],
20 silly audit   'stdin-discarder': [ '0.2.2' ],
20 silly audit   'strip-ansi': [ '7.1.2', '6.0.1' ],
20 silly audit   'supports-preserve-symlinks-flag': [ '1.0.0' ],
20 silly audit   'symbol-tree': [ '3.2.4' ],
20 silly audit   tar: [ '7.5.7' ],
20 silly audit   tinybench: [ '2.9.0' ],
20 silly audit   tinyexec: [ '1.0.2' ],
20 silly audit   tinyglobby: [ '0.2.15' ],
20 silly audit   tinyrainbow: [ '3.0.3' ],
20 silly audit   tldts: [ '7.0.22' ],
20 silly audit   'tldts-core': [ '7.0.22' ],
20 silly audit   toidentifier: [ '1.0.1' ],
20 silly audit   'tough-cookie': [ '6.0.0' ],
20 silly audit   tr46: [ '6.0.0' ],
20 silly audit   tslib: [ '2.8.1' ],
20 silly audit   'tuf-js': [ '4.1.0' ],
20 silly audit   'type-is': [ '2.0.1' ],
20 silly audit   typescript: [ '5.9.3' ],
20 silly audit   undici: [ '7.20.0' ],
20 silly audit   'unique-filename': [ '5.0.0' ],
20 silly audit   'unique-slug': [ '6.0.0' ],
20 silly audit   unpipe: [ '1.0.0' ],
20 silly audit   'update-browserslist-db': [ '1.2.3' ],
20 silly audit   'validate-npm-package-license': [ '3.0.4' ],
20 silly audit   'validate-npm-package-name': [ '7.0.2' ],
20 silly audit   vary: [ '1.1.2' ],
20 silly audit   vite: [ '7.3.0' ],
20 silly audit   vitest: [ '4.0.18' ],
20 silly audit   'w3c-xmlserializer': [ '5.0.0' ],
20 silly audit   watchpack: [ '2.5.0' ],
20 silly audit   'weak-lru-cache': [ '1.2.2' ],
20 silly audit   'webidl-conversions': [ '8.0.1' ],
20 silly audit   'whatwg-url': [ '15.1.0' ],
20 silly audit   'why-is-node-running': [ '2.3.0' ],
20 silly audit   wrappy: [ '1.0.2' ],
20 silly audit   ws: [ '8.19.0' ],
20 silly audit   'xml-name-validator': [ '5.0.0' ],
20 silly audit   xmlchars: [ '2.2.0' ],
20 silly audit   y18n: [ '5.0.8' ],
20 silly audit   yargs: [ '18.0.0' ],
20 silly audit   'yargs-parser': [ '22.0.0' ],
20 silly audit   yoctocolors: [ '2.1.2' ],
20 silly audit   'yoctocolors-cjs': [ '2.1.3' ],
20 silly audit   zod: [ '4.3.5' ],
20 silly audit   'zod-to-json-schema': [ '3.25.1' ],
20 silly audit   'zone.js': [ '0.16.0' ]
20 silly audit }
21 http cache zone.js@https://registry.npmjs.org/zone.js/-/zone.js-0.16.0.tgz 0ms (cache hit)
22 silly tarball no local data for zone.js@https://registry.npmjs.org/zone.js/-/zone.js-0.16.0.tgz. Extracting by manifest.
23 http fetch POST 200 https://registry.npmjs.org/-/npm/v1/security/advisories/bulk 188ms
24 silly audit report {}
25 http fetch GET 200 https://registry.npmjs.org/zone.js/-/zone.js-0.16.0.tgz 417ms (cache miss)
26 silly ADD node_modules/zone.js
27 verbose cwd /Users/jalfaro/Lector PDF/Frontend
28 verbose os Darwin 25.3.0
29 verbose node v24.12.0
30 verbose npm  v11.6.2
31 verbose exit 0
32 info ok
